Thu Jul 28 2016 13:37:10 GMT-0400 (EDT): GET /about
Thu Jul 28 2016 13:37:11 GMT-0400 (EDT): GET /favicon.ico
Thu Jul 28 2016 13:42:16 GMT-0400 (EDT): GET /about
Thu Jul 28 2016 13:42:21 GMT-0400 (EDT): GET /
Thu Jul 28 2016 13:43:41 GMT-0400 (EDT): GET /help.html
Thu Jul 28 2016 13:43:46 GMT-0400 (EDT): GET /
Thu Jul 28 2016 13:46:17 GMT-0400 (EDT): GET /
Thu Jul 28 2016 13:46:42 GMT-0400 (EDT): GET /
Thu Jul 28 2016 13:46:45 GMT-0400 (EDT): GET /about
Mon Aug 01 2016 09:26:30 GMT-0400 (EDT): GET /
Mon Aug 01 2016 09:26:31 GMT-0400 (EDT): GET /favicon.ico
Sat May 19 2018 03:22:18 GMT+0200 (Środkowoeuropejski czas letni): GET /
Sat May 19 2018 03:22:20 GMT+0200 (Środkowoeuropejski czas letni): GET /
Sat May 19 2018 03:22:21 GMT+0200 (Środkowoeuropejski czas letni): GET /
Sat May 19 2018 03:22:22 GMT+0200 (Środkowoeuropejski czas letni): GET /about
Sat May 19 2018 03:22:23 GMT+0200 (Środkowoeuropejski czas letni): GET /about
Sat May 19 2018 03:22:23 GMT+0200 (Środkowoeuropejski czas letni): GET /
Sat May 19 2018 03:22:24 GMT+0200 (Środkowoeuropejski czas letni): GET /about
Sat May 19 2018 03:22:24 GMT+0200 (Środkowoeuropejski czas letni): GET /
Sat May 19 2018 03:22:25 GMT+0200 (Środkowoeuropejski czas letni): GET /about
Sat May 19 2018 03:22:25 GMT+0200 (Środkowoeuropejski czas letni): GET /
Sat May 19 2018 03:22:25 GMT+0200 (Środkowoeuropejski czas letni): GET /about
Sat May 19 2018 03:22:28 GMT+0200 (Środkowoeuropejski czas letni): GET /bad
